<?xml version="1.0" encoding="UTF-8"?>
<testsuite xmlns:xsi="http://www.w3.org/2001/XMLSchema-instance" xsi:noNamespaceSchemaLocation="https://maven.apache.org/surefire/maven-surefire-plugin/xsd/surefire-test-report.xsd" name="com.rox.expression.AddKoTest" time="0.773" tests="1" errors="0" skipped="0" failures="0">
  <properties>
    <property name="awt.toolkit" value="sun.awt.X11.XToolkit"/>
    <property name="file.encoding.pkg" value="sun.io"/>
    <property name="java.specification.version" value="1.8"/>
    <property name="sun.cpu.isalist" value=""/>
    <property name="sun.jnu.encoding" value="UTF-8"/>
    <property name="java.class.path" value="/home/rossdrew/source/personal/Understanding Computation/target/test-classes:/home/rossdrew/source/personal/Understanding Computation/target/classes:/home/rossdrew/.m2/repository/org/jetbrains/kotlin/kotlin-stdlib/1.3.72/kotlin-stdlib-1.3.72.jar:/home/rossdrew/.m2/repository/org/jetbrains/kotlin/kotlin-stdlib-common/1.3.72/kotlin-stdlib-common-1.3.72.jar:/home/rossdrew/.m2/repository/org/jetbrains/annotations/13.0/annotations-13.0.jar:/home/rossdrew/.m2/repository/org/jetbrains/kotlin/kotlin-test-junit/1.3.72/kotlin-test-junit-1.3.72.jar:/home/rossdrew/.m2/repository/org/jetbrains/kotlin/kotlin-test-annotations-common/1.3.72/kotlin-test-annotations-common-1.3.72.jar:/home/rossdrew/.m2/repository/org/jetbrains/kotlin/kotlin-test/1.3.72/kotlin-test-1.3.72.jar:/home/rossdrew/.m2/repository/org/jetbrains/kotlin/kotlin-test-common/1.3.72/kotlin-test-common-1.3.72.jar:/home/rossdrew/.m2/repository/junit/junit/4.12/junit-4.12.jar:/home/rossdrew/.m2/repository/org/hamcrest/hamcrest-core/1.3/hamcrest-core-1.3.jar:/home/rossdrew/.m2/repository/io/mockk/mockk/1.10.0/mockk-1.10.0.jar:/home/rossdrew/.m2/repository/io/mockk/mockk-common/1.10.0/mockk-common-1.10.0.jar:/home/rossdrew/.m2/repository/io/mockk/mockk-dsl/1.10.0/mockk-dsl-1.10.0.jar:/home/rossdrew/.m2/repository/io/mockk/mockk-dsl-jvm/1.10.0/mockk-dsl-jvm-1.10.0.jar:/home/rossdrew/.m2/repository/io/mockk/mockk-agent-jvm/1.10.0/mockk-agent-jvm-1.10.0.jar:/home/rossdrew/.m2/repository/io/mockk/mockk-agent-api/1.10.0/mockk-agent-api-1.10.0.jar:/home/rossdrew/.m2/repository/io/mockk/mockk-agent-common/1.10.0/mockk-agent-common-1.10.0.jar:/home/rossdrew/.m2/repository/org/objenesis/objenesis/3.1/objenesis-3.1.jar:/home/rossdrew/.m2/repository/net/bytebuddy/byte-buddy/1.10.9/byte-buddy-1.10.9.jar:/home/rossdrew/.m2/repository/net/bytebuddy/byte-buddy-agent/1.10.9/byte-buddy-agent-1.10.9.jar:/home/rossdrew/.m2/repository/org/jetbrains/kotlin/kotlin-reflect/1.3.61/kotlin-reflect-1.3.61.jar:/home/rossdrew/.m2/repository/io/kotest/kotest-runner-junit5-jvm/4.2.5/kotest-runner-junit5-jvm-4.2.5.jar:/home/rossdrew/.m2/repository/io/kotest/kotest-framework-api-jvm/4.2.5/kotest-framework-api-jvm-4.2.5.jar:/home/rossdrew/.m2/repository/io/kotest/kotest-common-jvm/4.2.5/kotest-common-jvm-4.2.5.jar:/home/rossdrew/.m2/repository/io/kotest/kotest-framework-engine-jvm/4.2.5/kotest-framework-engine-jvm-4.2.5.jar:/home/rossdrew/.m2/repository/io/github/classgraph/classgraph/4.8.88/classgraph-4.8.88.jar:/home/rossdrew/.m2/repository/com/github/ajalt/clikt/2.8.0/clikt-2.8.0.jar:/home/rossdrew/.m2/repository/com/github/ajalt/mordant/1.2.1/mordant-1.2.1.jar:/home/rossdrew/.m2/repository/com/github/ajalt/colormath/1.2.0/colormath-1.2.0.jar:/home/rossdrew/.m2/repository/io/kotest/kotest-framework-discovery-jvm/4.2.5/kotest-framework-discovery-jvm-4.2.5.jar:/home/rossdrew/.m2/repository/io/kotest/kotest-extensions-jvm/4.2.5/kotest-extensions-jvm-4.2.5.jar:/home/rossdrew/.m2/repository/commons-io/commons-io/2.6/commons-io-2.6.jar:/home/rossdrew/.m2/repository/org/jetbrains/kotlinx/kotlinx-coroutines-core-jvm/1.3.9/kotlinx-coroutines-core-jvm-1.3.9.jar:/home/rossdrew/.m2/repository/org/junit/platform/junit-platform-engine/1.6.2/junit-platform-engine-1.6.2.jar:/home/rossdrew/.m2/repository/org/apiguardian/apiguardian-api/1.1.0/apiguardian-api-1.1.0.jar:/home/rossdrew/.m2/repository/org/opentest4j/opentest4j/1.2.0/opentest4j-1.2.0.jar:/home/rossdrew/.m2/repository/org/junit/platform/junit-platform-commons/1.6.2/junit-platform-commons-1.6.2.jar:/home/rossdrew/.m2/repository/org/junit/platform/junit-platform-suite-api/1.6.2/junit-platform-suite-api-1.6.2.jar:/home/rossdrew/.m2/repository/org/junit/platform/junit-platform-launcher/1.6.2/junit-platform-launcher-1.6.2.jar:/home/rossdrew/.m2/repository/org/junit/jupiter/junit-jupiter-api/5.6.2/junit-jupiter-api-5.6.2.jar:/home/rossdrew/.m2/repository/org/jetbrains/kotlin/kotlin-stdlib-jdk8/1.4.0/kotlin-stdlib-jdk8-1.4.0.jar:/home/rossdrew/.m2/repository/org/jetbrains/kotlin/kotlin-stdlib-jdk7/1.4.0/kotlin-stdlib-jdk7-1.4.0.jar:/home/rossdrew/.m2/repository/io/kotest/kotest-assertions-core-jvm/4.2.5/kotest-assertions-core-jvm-4.2.5.jar:/home/rossdrew/.m2/repository/io/kotest/kotest-assertions-shared-jvm/4.2.5/kotest-assertions-shared-jvm-4.2.5.jar:/home/rossdrew/.m2/repository/org/jetbrains/kotlinx/kotlinx-coroutines-jdk8/1.3.9/kotlinx-coroutines-jdk8-1.3.9.jar:/home/rossdrew/.m2/repository/org/jetbrains/kotlinx/kotlinx-coroutines-core/1.3.9/kotlinx-coroutines-core-1.3.9.jar:/home/rossdrew/.m2/repository/io/github/java-diff-utils/java-diff-utils/4.5/java-diff-utils-4.5.jar:/home/rossdrew/.m2/repository/com/univocity/univocity-parsers/2.8.4/univocity-parsers-2.8.4.jar:/home/rossdrew/.m2/repository/com/github/mifmif/generex/1.0.2/generex-1.0.2.jar:/home/rossdrew/.m2/repository/dk/brics/automaton/automaton/1.11-8/automaton-1.11-8.jar:/home/rossdrew/.m2/repository/io/kotest/kotest-assertions-api-jvm/4.2.5/kotest-assertions-api-jvm-4.2.5.jar:/home/rossdrew/.m2/repository/io/kotest/kotest-property-jvm/4.2.5/kotest-property-jvm-4.2.5.jar:"/>
    <property name="java.vm.vendor" value="Red Hat, Inc"/>
    <property name="sun.arch.data.model" value="64"/>
    <property name="java.vendor.url" value="https://www.redhat.com/"/>
    <property name="user.timezone" value=""/>
    <property name="java.vm.specification.version" value="1.8"/>
    <property name="os.name" value="Linux"/>
    <property name="user.country" value="GB"/>
    <property name="sun.java.launcher" value="SUN_STANDARD"/>
    <property name="sun.boot.library.path" value="/usr/lib/jvm/java-1.8.0-openjdk-1.8.0.265.b01-1.fc32.x86_64/jre/lib/amd64"/>
    <property name="sun.java.command" value="/home/rossdrew/source/personal/Understanding Computation/target/surefire/surefirebooter8652341286354404370.jar /home/rossdrew/source/personal/Understanding Computation/target/surefire 2020-09-15T16-37-42_318-jvmRun1 surefire5213516294551914883tmp surefire_05580584049417755554tmp"/>
    <property name="surefire.test.class.path" value="/home/rossdrew/source/personal/Understanding Computation/target/test-classes:/home/rossdrew/source/personal/Understanding Computation/target/classes:/home/rossdrew/.m2/repository/org/jetbrains/kotlin/kotlin-stdlib/1.3.72/kotlin-stdlib-1.3.72.jar:/home/rossdrew/.m2/repository/org/jetbrains/kotlin/kotlin-stdlib-common/1.3.72/kotlin-stdlib-common-1.3.72.jar:/home/rossdrew/.m2/repository/org/jetbrains/annotations/13.0/annotations-13.0.jar:/home/rossdrew/.m2/repository/org/jetbrains/kotlin/kotlin-test-junit/1.3.72/kotlin-test-junit-1.3.72.jar:/home/rossdrew/.m2/repository/org/jetbrains/kotlin/kotlin-test-annotations-common/1.3.72/kotlin-test-annotations-common-1.3.72.jar:/home/rossdrew/.m2/repository/org/jetbrains/kotlin/kotlin-test/1.3.72/kotlin-test-1.3.72.jar:/home/rossdrew/.m2/repository/org/jetbrains/kotlin/kotlin-test-common/1.3.72/kotlin-test-common-1.3.72.jar:/home/rossdrew/.m2/repository/junit/junit/4.12/junit-4.12.jar:/home/rossdrew/.m2/repository/org/hamcrest/hamcrest-core/1.3/hamcrest-core-1.3.jar:/home/rossdrew/.m2/repository/io/mockk/mockk/1.10.0/mockk-1.10.0.jar:/home/rossdrew/.m2/repository/io/mockk/mockk-common/1.10.0/mockk-common-1.10.0.jar:/home/rossdrew/.m2/repository/io/mockk/mockk-dsl/1.10.0/mockk-dsl-1.10.0.jar:/home/rossdrew/.m2/repository/io/mockk/mockk-dsl-jvm/1.10.0/mockk-dsl-jvm-1.10.0.jar:/home/rossdrew/.m2/repository/io/mockk/mockk-agent-jvm/1.10.0/mockk-agent-jvm-1.10.0.jar:/home/rossdrew/.m2/repository/io/mockk/mockk-agent-api/1.10.0/mockk-agent-api-1.10.0.jar:/home/rossdrew/.m2/repository/io/mockk/mockk-agent-common/1.10.0/mockk-agent-common-1.10.0.jar:/home/rossdrew/.m2/repository/org/objenesis/objenesis/3.1/objenesis-3.1.jar:/home/rossdrew/.m2/repository/net/bytebuddy/byte-buddy/1.10.9/byte-buddy-1.10.9.jar:/home/rossdrew/.m2/repository/net/bytebuddy/byte-buddy-agent/1.10.9/byte-buddy-agent-1.10.9.jar:/home/rossdrew/.m2/repository/org/jetbrains/kotlin/kotlin-reflect/1.3.61/kotlin-reflect-1.3.61.jar:/home/rossdrew/.m2/repository/io/kotest/kotest-runner-junit5-jvm/4.2.5/kotest-runner-junit5-jvm-4.2.5.jar:/home/rossdrew/.m2/repository/io/kotest/kotest-framework-api-jvm/4.2.5/kotest-framework-api-jvm-4.2.5.jar:/home/rossdrew/.m2/repository/io/kotest/kotest-common-jvm/4.2.5/kotest-common-jvm-4.2.5.jar:/home/rossdrew/.m2/repository/io/kotest/kotest-framework-engine-jvm/4.2.5/kotest-framework-engine-jvm-4.2.5.jar:/home/rossdrew/.m2/repository/io/github/classgraph/classgraph/4.8.88/classgraph-4.8.88.jar:/home/rossdrew/.m2/repository/com/github/ajalt/clikt/2.8.0/clikt-2.8.0.jar:/home/rossdrew/.m2/repository/com/github/ajalt/mordant/1.2.1/mordant-1.2.1.jar:/home/rossdrew/.m2/repository/com/github/ajalt/colormath/1.2.0/colormath-1.2.0.jar:/home/rossdrew/.m2/repository/io/kotest/kotest-framework-discovery-jvm/4.2.5/kotest-framework-discovery-jvm-4.2.5.jar:/home/rossdrew/.m2/repository/io/kotest/kotest-extensions-jvm/4.2.5/kotest-extensions-jvm-4.2.5.jar:/home/rossdrew/.m2/repository/commons-io/commons-io/2.6/commons-io-2.6.jar:/home/rossdrew/.m2/repository/org/jetbrains/kotlinx/kotlinx-coroutines-core-jvm/1.3.9/kotlinx-coroutines-core-jvm-1.3.9.jar:/home/rossdrew/.m2/repository/org/junit/platform/junit-platform-engine/1.6.2/junit-platform-engine-1.6.2.jar:/home/rossdrew/.m2/repository/org/apiguardian/apiguardian-api/1.1.0/apiguardian-api-1.1.0.jar:/home/rossdrew/.m2/repository/org/opentest4j/opentest4j/1.2.0/opentest4j-1.2.0.jar:/home/rossdrew/.m2/repository/org/junit/platform/junit-platform-commons/1.6.2/junit-platform-commons-1.6.2.jar:/home/rossdrew/.m2/repository/org/junit/platform/junit-platform-suite-api/1.6.2/junit-platform-suite-api-1.6.2.jar:/home/rossdrew/.m2/repository/org/junit/platform/junit-platform-launcher/1.6.2/junit-platform-launcher-1.6.2.jar:/home/rossdrew/.m2/repository/org/junit/jupiter/junit-jupiter-api/5.6.2/junit-jupiter-api-5.6.2.jar:/home/rossdrew/.m2/repository/org/jetbrains/kotlin/kotlin-stdlib-jdk8/1.4.0/kotlin-stdlib-jdk8-1.4.0.jar:/home/rossdrew/.m2/repository/org/jetbrains/kotlin/kotlin-stdlib-jdk7/1.4.0/kotlin-stdlib-jdk7-1.4.0.jar:/home/rossdrew/.m2/repository/io/kotest/kotest-assertions-core-jvm/4.2.5/kotest-assertions-core-jvm-4.2.5.jar:/home/rossdrew/.m2/repository/io/kotest/kotest-assertions-shared-jvm/4.2.5/kotest-assertions-shared-jvm-4.2.5.jar:/home/rossdrew/.m2/repository/org/jetbrains/kotlinx/kotlinx-coroutines-jdk8/1.3.9/kotlinx-coroutines-jdk8-1.3.9.jar:/home/rossdrew/.m2/repository/org/jetbrains/kotlinx/kotlinx-coroutines-core/1.3.9/kotlinx-coroutines-core-1.3.9.jar:/home/rossdrew/.m2/repository/io/github/java-diff-utils/java-diff-utils/4.5/java-diff-utils-4.5.jar:/home/rossdrew/.m2/repository/com/univocity/univocity-parsers/2.8.4/univocity-parsers-2.8.4.jar:/home/rossdrew/.m2/repository/com/github/mifmif/generex/1.0.2/generex-1.0.2.jar:/home/rossdrew/.m2/repository/dk/brics/automaton/automaton/1.11-8/automaton-1.11-8.jar:/home/rossdrew/.m2/repository/io/kotest/kotest-assertions-api-jvm/4.2.5/kotest-assertions-api-jvm-4.2.5.jar:/home/rossdrew/.m2/repository/io/kotest/kotest-property-jvm/4.2.5/kotest-property-jvm-4.2.5.jar:"/>
    <property name="sun.cpu.endian" value="little"/>
    <property name="user.home" value="/home/rossdrew"/>
    <property name="user.language" value="en"/>
    <property name="java.specification.vendor" value="Oracle Corporation"/>
    <property name="java.home" value="/usr/lib/jvm/java-1.8.0-openjdk-1.8.0.265.b01-1.fc32.x86_64/jre"/>
    <property name="basedir" value="/home/rossdrew/source/personal/Understanding Computation"/>
    <property name="file.separator" value="/"/>
    <property name="line.separator" value="&#10;"/>
    <property name="java.vm.specification.vendor" value="Oracle Corporation"/>
    <property name="java.specification.name" value="Java Platform API Specification"/>
    <property name="java.awt.graphicsenv" value="sun.awt.X11GraphicsEnvironment"/>
    <property name="surefire.real.class.path" value="/home/rossdrew/source/personal/Understanding Computation/target/surefire/surefirebooter8652341286354404370.jar"/>
    <property name="sun.boot.class.path" value="/usr/lib/jvm/java-1.8.0-openjdk-1.8.0.265.b01-1.fc32.x86_64/jre/lib/resources.jar:/usr/lib/jvm/java-1.8.0-openjdk-1.8.0.265.b01-1.fc32.x86_64/jre/lib/rt.jar:/usr/lib/jvm/java-1.8.0-openjdk-1.8.0.265.b01-1.fc32.x86_64/jre/lib/sunrsasign.jar:/usr/lib/jvm/java-1.8.0-openjdk-1.8.0.265.b01-1.fc32.x86_64/jre/lib/jsse.jar:/usr/lib/jvm/java-1.8.0-openjdk-1.8.0.265.b01-1.fc32.x86_64/jre/lib/jce.jar:/usr/lib/jvm/java-1.8.0-openjdk-1.8.0.265.b01-1.fc32.x86_64/jre/lib/charsets.jar:/usr/lib/jvm/java-1.8.0-openjdk-1.8.0.265.b01-1.fc32.x86_64/jre/lib/jfr.jar:/usr/lib/jvm/java-1.8.0-openjdk-1.8.0.265.b01-1.fc32.x86_64/jre/classes"/>
    <property name="sun.management.compiler" value="HotSpot 64-Bit Tiered Compilers"/>
    <property name="java.runtime.version" value="1.8.0_265-b01"/>
    <property name="user.name" value="rossdrew"/>
    <property name="path.separator" value=":"/>
    <property name="os.version" value="5.7.11-200.fc32.x86_64"/>
    <property name="java.endorsed.dirs" value="/usr/lib/jvm/java-1.8.0-openjdk-1.8.0.265.b01-1.fc32.x86_64/jre/lib/endorsed"/>
    <property name="java.runtime.name" value="OpenJDK Runtime Environment"/>
    <property name="file.encoding" value="UTF-8"/>
    <property name="java.vm.name" value="OpenJDK 64-Bit Server VM"/>
    <property name="localRepository" value="/home/rossdrew/.m2/repository"/>
    <property name="java.vendor.url.bug" value="https://bugzilla.redhat.com/enter_bug.cgi?product=Fedora&amp;component=java-1.8.0-openjdk&amp;version=32"/>
    <property name="java.io.tmpdir" value="/tmp"/>
    <property name="idea.version" value="2020.2.1"/>
    <property name="java.version" value="1.8.0_265"/>
    <property name="user.dir" value="/home/rossdrew/source/personal/Understanding Computation"/>
    <property name="os.arch" value="amd64"/>
    <property name="java.vm.specification.name" value="Java Virtual Machine Specification"/>
    <property name="java.awt.printerjob" value="sun.print.PSPrinterJob"/>
    <property name="sun.os.patch.level" value="unknown"/>
    <property name="java.library.path" value="/usr/java/packages/lib/amd64:/usr/lib64:/lib64:/lib:/usr/lib"/>
    <property name="java.vm.info" value="mixed mode"/>
    <property name="java.vendor" value="Red Hat, Inc"/>
    <property name="java.vm.version" value="25.265-b01"/>
    <property name="java.ext.dirs" value="/usr/lib/jvm/java-1.8.0-openjdk-1.8.0.265.b01-1.fc32.x86_64/jre/lib/ext:/usr/java/packages/lib/ext"/>
    <property name="sun.io.unicode.encoding" value="UnicodeLittle"/>
    <property name="java.class.version" value="52.0"/>
  </properties>
  <testcase name="should be reducable" classname="com.rox.expression.AddKoTest" time="0.632"/>
</testsuite>